[/home/lsb/Development/Web.git/lassesb]

117108.user.js
debug: CP=???
debug: This is NOT html. Proceeding with care.
debug: CP=utf-8

404.shtml
debug: CP=utf-8

500.shtml
debug: CP=utf-8

CC.html
debug: CP=utf-8

Favicon.ico
debug: Skip picture file - not text.

Favicon.png
debug: Skip picture file - not text.

google49dda7d7dec7638e.html
debug: This ought to be html.
debug: CP=???
debug: sGrep=
debug: No, it probably isn't html after all.
debug: CP=???
debug: This is NOT html. Proceeding with care.
debug: CP=ASCII

index.html
debug: CP=utf-8

indexOld.html
debug: CP=utf-8

jquery-1.7.min.js
debug: CP=???
debug: This is NOT html. Proceeding with care.
debug: CP=utf-8

lyrics.js
debug: CP=???
debug: This is NOT html. Proceeding with care.
debug: CP=utf-8

Mig.html
debug: CP=utf-8

my-iconv-3.log
debug: CP=???
debug: This is NOT html. Proceeding with care.
debug: CP=ASCII

my-iconv-4.log
debug: CP=???
debug: This is NOT html. Proceeding with care.
debug: CP=ASCII

Navigation.html
debug: CP=utf-8

NavMobile.html
debug: CP=utf-8

robots.txt
debug: CP=???
debug: This is NOT html. Proceeding with care.
debug: CP=ASCII

Sitemap.xml
debug: CP=???
debug: This is NOT html. Proceeding with care.
debug: CP=XML document
debug: Uncertain what this is - do nothing.
debug: Full string: "Sitemap.xml: XML document text".

where-am-i.js
debug: CP=???
debug: This is NOT html. Proceeding with care.
debug: CP=ASCII

WishBooks.html
debug: CP=utf-8

WishMusic.html
debug: CP=utf-8

WishXXXX.js
debug: CP=???
debug: This is NOT html. Proceeding with care.
debug: CP=utf-8

[/home/lsb/Development/Web.git/lassesb/Benja]

global-communications-icon-128x128.ico
debug: Skip picture file - not text.

global-communications-icon-128x128.jpg
debug: Skip picture file - not text.

index.html
debug: CP=utf-8

where-am-i.js
debug: CP=???
debug: This is NOT html. Proceeding with care.
debug: CP=ASCII

[/home/lsb/Development/Web.git/lassesb/Benja/_History]

DIR-FOER-REVISION-1-[31-01-2014].TXT
debug: CP=???
debug: This is NOT html. Proceeding with care.
debug: CP=ASCII

DIR-FOER-REVISION-13-[17-03-2014].TXT
debug: CP=???
debug: This is NOT html. Proceeding with care.
debug: CP=utf-8

DIR-FOER-REVISION-30-[21-03-2014].TXT
debug: CP=???
debug: This is NOT html. Proceeding with care.
debug: CP=utf-8

DIR-FOER-REVISION-42-[23-03-2014].TXT
debug: CP=???
debug: This is NOT html. Proceeding with care.
debug: CP=utf-8

DIR-FOER-REVISION-4-[31-01-2014].TXT
debug: CP=???
debug: This is NOT html. Proceeding with care.
debug: CP=utf-8

[/home/lsb/Development/Web.git/lassesb/bolgen]

ArrowRight.gif
debug: Skip picture file - not text.

bolgen_01.css
debug: CP=???
debug: This is NOT html. Proceeding with care.
debug: CP=ASCII

bolgen_01.js
debug: CP=???
debug: This is NOT html. Proceeding with care.
debug: CP=ASCII

Favicon.ico
debug: Skip picture file - not text.

index.html
debug: CP=utf-8

jquery-1.7.min.js
debug: CP=???
debug: This is NOT html. Proceeding with care.
debug: CP=utf-8

Navigation.html
debug: CP=utf-8

NavMobile.html
debug: CP=utf-8

printer.gif
debug: Skip picture file - not text.

robots.txt
debug: CP=???
debug: This is NOT html. Proceeding with care.
debug: CP=ASCII

SFO_bolgen.png
debug: Skip picture file - not text.

Sitemap.xml
debug: CP=???
debug: This is NOT html. Proceeding with care.
debug: CP=XML document
debug: Uncertain what this is - do nothing.
debug: Full string: "Sitemap.xml: XML document text".

where-am-i.js
debug: CP=???
debug: This is NOT html. Proceeding with care.
debug: CP=ASCII

[/home/lsb/Development/Web.git/lassesb/bolgen/_History]

DIR-FOER-REVISION-1-[31-01-2014].TXT
debug: CP=???
debug: This is NOT html. Proceeding with care.
debug: CP=ASCII

DIR-FOER-REVISION-13-[17-03-2014].TXT
debug: CP=???
debug: This is NOT html. Proceeding with care.
debug: CP=utf-8

DIR-FOER-REVISION-30-[21-03-2014].TXT
debug: CP=???
debug: This is NOT html. Proceeding with care.
debug: CP=utf-8

DIR-FOER-REVISION-42-[23-03-2014].TXT
debug: CP=???
debug: This is NOT html. Proceeding with care.
debug: CP=utf-8

DIR-FOER-REVISION-4-[31-01-2014].TXT
debug: CP=???
debug: This is NOT html. Proceeding with care.
debug: CP=utf-8

[/home/lsb/Development/Web.git/lassesb/_History]

DIR-FOER-REVISION-1-[31-01-2014].TXT
debug: CP=???
debug: This is NOT html. Proceeding with care.
debug: CP=ASCII

DIR-FOER-REVISION-13-[17-03-2014].TXT
debug: CP=???
debug: This is NOT html. Proceeding with care.
debug: CP=utf-8

DIR-FOER-REVISION-30-[21-03-2014].TXT
debug: CP=???
debug: This is NOT html. Proceeding with care.
debug: CP=utf-8

DIR-FOER-REVISION-42-[23-03-2014].TXT
debug: CP=???
debug: This is NOT html. Proceeding with care.
debug: CP=utf-8

DIR-FOER-REVISION-4-[31-01-2014].TXT
debug: CP=???
debug: This is NOT html. Proceeding with care.
debug: CP=utf-8

[/home/lsb/Development/Web.git/lassesb/Hjerte]

hjerte2.gif
debug: Skip picture file - not text.

hjerte.gif
debug: Skip picture file - not text.

index.html
debug: CP=utf-8

where-am-i.js
debug: CP=???
debug: This is NOT html. Proceeding with care.
debug: CP=ASCII

[/home/lsb/Development/Web.git/lassesb/Hjerte/_History]

DIR-FOER-REVISION-1-[31-01-2014].TXT
debug: CP=???
debug: This is NOT html. Proceeding with care.
debug: CP=ASCII

DIR-FOER-REVISION-13-[17-03-2014].TXT
debug: CP=???
debug: This is NOT html. Proceeding with care.
debug: CP=utf-8

DIR-FOER-REVISION-30-[21-03-2014].TXT
debug: CP=???
debug: This is NOT html. Proceeding with care.
debug: CP=utf-8

DIR-FOER-REVISION-42-[23-03-2014].TXT
debug: CP=???
debug: This is NOT html. Proceeding with care.
debug: CP=utf-8

DIR-FOER-REVISION-4-[31-01-2014].TXT
debug: CP=???
debug: This is NOT html. Proceeding with care.
debug: CP=utf-8

[/home/lsb/Development/Web.git/lassesb/Hvem-mig$]

acoustic-guitar.jpg
debug: Skip picture file - not text.

a-d.jpg
debug: Skip picture file - not text.

astronaut.png
debug: Skip picture file - not text.

auditiv.jpg
debug: Skip picture file - not text.

bookworm.png
debug: Skip picture file - not text.

computer_nerd.jpg
debug: Skip picture file - not text.

glade-boern.gif
debug: Skip picture file - not text.

gplus-32.png
debug: Skip picture file - not text.

index.html
debug: CP=utf-8

ISFP10pct.png
debug: Skip picture file - not text.

ISTP10pct.png
debug: Skip picture file - not text.

JobIndex-IstP.png
debug: Skip picture file - not text.

kinaestetisk.jpg
debug: Skip picture file - not text.

kors2.png
debug: Skip picture file - not text.

kors3.png
debug: Skip picture file - not text.

kors.png
debug: Skip picture file - not text.

twitter-bird-blue-on-white.png
debug: Skip picture file - not text.

varme-haender.jpg
debug: Skip picture file - not text.

visuel.jpg
debug: Skip picture file - not text.

where-am-i.js
debug: CP=???
debug: This is NOT html. Proceeding with care.
debug: CP=ASCII

[/home/lsb/Development/Web.git/lassesb/Hvem-mig$/_History]

DIR-FOER-REVISION-1-[31-01-2014].TXT
debug: CP=???
debug: This is NOT html. Proceeding with care.
debug: CP=ASCII

DIR-FOER-REVISION-13-[17-03-2014].TXT
debug: CP=???
debug: This is NOT html. Proceeding with care.
debug: CP=utf-8

DIR-FOER-REVISION-30-[21-03-2014].TXT
debug: CP=???
debug: This is NOT html. Proceeding with care.
debug: CP=utf-8

DIR-FOER-REVISION-42-[23-03-2014].TXT
debug: CP=???
debug: This is NOT html. Proceeding with care.
debug: CP=utf-8

DIR-FOER-REVISION-4-[31-01-2014].TXT
debug: CP=???
debug: This is NOT html. Proceeding with care.
debug: CP=utf-8

[/home/lsb/Development/Web.git/lassesb/jQuery.jPlayer.2.1.0]

Jplayer.swf
debug: Skip media file - not text.

jquery.jplayer.min.js
debug: CP=???
debug: This is NOT html. Proceeding with care.
debug: CP=ASCII

[/home/lsb/Development/Web.git/lassesb/jQuery.jPlayer.2.1.0/add-on]

jplayer.playlist.min.js
debug: CP=???
debug: This is NOT html. Proceeding with care.
debug: CP=ASCII

jquery.jplayer.inspector.js
debug: CP=???
debug: This is NOT html. Proceeding with care.
debug: CP=ASCII

[/home/lsb/Development/Web.git/lassesb/jQuery.jPlayer.2.1.0/add-on/_History]

DIR-FOER-REVISION-13-[17-03-2014].TXT
debug: CP=???
debug: This is NOT html. Proceeding with care.
debug: CP=utf-8

DIR-FOER-REVISION-42-[23-03-2014].TXT
debug: CP=???
debug: This is NOT html. Proceeding with care.
debug: CP=utf-8

DIR-FOER-REVISION-4-[31-01-2014].TXT
debug: CP=???
debug: This is NOT html. Proceeding with care.
debug: CP=utf-8

[/home/lsb/Development/Web.git/lassesb/jQuery.jPlayer.2.1.0/blue.monday]

jplayer.blue.monday.css
debug: CP=???
debug: This is NOT html. Proceeding with care.
debug: CP=ASCII

jPlayer_blue.monday_extd.psd
debug: Skip picture file - not text.

jplayer.blue.monday.jpg
debug: Skip picture file - not text.

jplayer.blue.monday.seeking.gif
debug: Skip picture file - not text.

jplayer.blue.monday.video.play.png
debug: Skip picture file - not text.

spirites_blue.monday_2011.psd
debug: Skip picture file - not text.

[/home/lsb/Development/Web.git/lassesb/jQuery.jPlayer.2.1.0/blue.monday/_History]

DIR-FOER-REVISION-13-[17-03-2014].TXT
debug: CP=???
debug: This is NOT html. Proceeding with care.
debug: CP=utf-8

DIR-FOER-REVISION-42-[23-03-2014].TXT
debug: CP=???
debug: This is NOT html. Proceeding with care.
debug: CP=utf-8

DIR-FOER-REVISION-4-[31-01-2014].TXT
debug: CP=???
debug: This is NOT html. Proceeding with care.
debug: CP=utf-8

[/home/lsb/Development/Web.git/lassesb/jQuery.jPlayer.2.1.0/_History]

DIR-FOER-REVISION-1-[31-01-2014].TXT
debug: CP=???
debug: This is NOT html. Proceeding with care.
debug: CP=ASCII

DIR-FOER-REVISION-13-[17-03-2014].TXT
debug: CP=???
debug: This is NOT html. Proceeding with care.
debug: CP=utf-8

DIR-FOER-REVISION-30-[21-03-2014].TXT
debug: CP=???
debug: This is NOT html. Proceeding with care.
debug: CP=utf-8

DIR-FOER-REVISION-4-[31-01-2014].TXT
debug: CP=???
debug: This is NOT html. Proceeding with care.
debug: CP=utf-8

[/home/lsb/Development/Web.git/lassesb/js+css]

go.js
debug: CP=???
debug: This is NOT html. Proceeding with care.
debug: CP=ASCII

index.html
debug: CP=utf-8

ip.php
debug: CP=???
debug: This is NOT html. Proceeding with care.
debug: CP=ASCII

lassesb_11.css
debug: CP=???
debug: This is NOT html. Proceeding with care.
debug: CP=ASCII

lassesb_11.js
debug: CP=???
debug: This is NOT html. Proceeding with care.
debug: CP=utf-8

lassesb_12.css
debug: CP=???
debug: This is NOT html. Proceeding with care.
debug: CP=ASCII

lassesb_12.js
debug: CP=???
debug: This is NOT html. Proceeding with care.
debug: CP=utf-8

lassesb_13.css
debug: CP=???
debug: This is NOT html. Proceeding with care.
debug: CP=ASCII

lassesb_13.js
debug: CP=???
debug: This is NOT html. Proceeding with care.
debug: CP=utf-8

lassesb_14.css
debug: CP=???
debug: This is NOT html. Proceeding with care.
debug: CP=ASCII

lassesb_14.js
debug: CP=???
debug: This is NOT html. Proceeding with care.
debug: CP=utf-8

lassesb_15.css
debug: CP=???
debug: This is NOT html. Proceeding with care.
debug: CP=ASCII

lassesb_15.js
debug: CP=???
debug: This is NOT html. Proceeding with care.
debug: CP=utf-8

lassesb_16.css
debug: CP=???
debug: This is NOT html. Proceeding with care.
debug: CP=ASCII

lassesb_16.js
debug: CP=???
debug: This is NOT html. Proceeding with care.
debug: CP=utf-8

lassesb_17.css
debug: CP=???
debug: This is NOT html. Proceeding with care.
debug: CP=ASCII

lassesb_17.js
debug: CP=???
debug: This is NOT html. Proceeding with care.
debug: CP=utf-8

lassesb_18.css
debug: CP=???
debug: This is NOT html. Proceeding with care.
debug: CP=ASCII

lassesb_18.js
debug: CP=???
debug: This is NOT html. Proceeding with care.
debug: CP=utf-8

lassesb_19.css
debug: CP=???
debug: This is NOT html. Proceeding with care.
debug: CP=ASCII

lassesb_19.js
debug: CP=???
debug: This is NOT html. Proceeding with care.
debug: CP=utf-8

where-am-i.js
debug: CP=???
debug: This is NOT html. Proceeding with care.
debug: CP=ASCII

[/home/lsb/Development/Web.git/lassesb/js+css/_History]

DIR-FOER-REVISION-30-[21-03-2014].TXT
debug: CP=???
debug: This is NOT html. Proceeding with care.
debug: CP=utf-8

DIR-FOER-REVISION-42-[23-03-2014].TXT
debug: CP=???
debug: This is NOT html. Proceeding with care.
debug: CP=utf-8

[/home/lsb/Development/Web.git/lassesb/Loensedler]

2010-07_Loenspecifikation-jun_jul-2010.pdf
debug: Skip PDF file - not text.

2010-10_Loenspecifikation-oktober-2010.pdf
debug: Skip PDF file - not text.

2010-10_Loenspecifikation-sep_okt-2010.pdf
debug: Skip PDF file - not text.

2010-11_Loenspecifikation-november-2010.pdf
debug: Skip PDF file - not text.

2010-12_Bilag-julehilsen.pdf
debug: Skip PDF file - not text.

2010-12_Loenspecifikation-december-2010.pdf
debug: Skip PDF file - not text.

2010-12_Loenspecifikation-nov_dec-2010_(sjette-ferieuge).pdf
debug: Skip PDF file - not text.

2011-01_Bilag-Feriefondens-folder-for-2011.pdf
debug: Skip PDF file - not text.

2011-01_Bilag-Nytaarshilsen.pdf
debug: Skip PDF file - not text.

2011-01_Loenspecifikation-januar-2011.pdf
debug: Skip PDF file - not text.

2011-02_Loenspecifikation-februar-2011.pdf
debug: Skip PDF file - not text.

2011-03_Loenspecifikation-marts-2011.pdf
debug: Skip PDF file - not text.

2011-04_Loenspecifikation-april-2011.pdf
debug: Skip PDF file - not text.

2011-05_Loenspecifikation-maj-2011.pdf
debug: Skip PDF file - not text.

2011-06_Loenspecifikation-juni-2011.pdf
debug: Skip PDF file - not text.

2011-07_Loenspecifikation-juli-2011.pdf
debug: Skip PDF file - not text.

2011-08_Loenspecifikation-august-2011.pdf
debug: Skip PDF file - not text.

2011-09_Loenspecifikation-september-2011.pdf
debug: Skip PDF file - not text.

2011-10_Loenspecifikation-oktober-2011.pdf
debug: Skip PDF file - not text.

2011-11_Loenspecifikation-november-2011.pdf
debug: Skip PDF file - not text.

2011-12_Loenspecifikation-december-2011.pdf
debug: Skip PDF file - not text.

2012-01_Loenspecifikation-januar-2012.pdf
debug: Skip PDF file - not text.

2012-02_Feriefonden-2012.pdf
debug: Skip PDF file - not text.

2012-02_Loenspecifikation-februar-2012.pdf
debug: Skip PDF file - not text.

2012-03-Loenspecifikation-marts-2012.pdf
debug: Skip PDF file - not text.

2012-04-Loenspecifikation-april-2012.pdf
debug: Skip PDF file - not text.

2012-04-Mosaik-maj-2012 (27-04-2012).pdf
debug: Skip PDF file - not text.

2012-05-Loenspecifikation-maj-2012.pdf
debug: Skip PDF file - not text.

2012-06-Loenspecifikation-juni-2012.pdf
debug: Skip PDF file - not text.

2012-07-Loenspecifikation-juli-2012.pdf
debug: Skip PDF file - not text.

2012-08-Loenspecifikation-august-2012.pdf
debug: Skip PDF file - not text.

index.html
debug: CP=utf-8

where-am-i.js
debug: CP=???
debug: This is NOT html. Proceeding with care.
debug: CP=ASCII

[/home/lsb/Development/Web.git/lassesb/Loensedler/_History]

DIR-FOER-REVISION-1-[31-01-2014].TXT
debug: CP=???
debug: This is NOT html. Proceeding with care.
debug: CP=ASCII

DIR-FOER-REVISION-13-[17-03-2014].TXT
debug: CP=???
debug: This is NOT html. Proceeding with care.
debug: CP=utf-8

DIR-FOER-REVISION-30-[21-03-2014].TXT
debug: CP=???
debug: This is NOT html. Proceeding with care.
debug: CP=utf-8

DIR-FOER-REVISION-42-[23-03-2014].TXT
debug: CP=???
debug: This is NOT html. Proceeding with care.
debug: CP=utf-8

DIR-FOER-REVISION-4-[31-01-2014].TXT
debug: CP=???
debug: This is NOT html. Proceeding with care.
debug: CP=utf-8

[/home/lsb/Development/Web.git/lassesb/Mad]

2012-08-02-14h35m15P8023659.JPG
debug: Skip picture file - not text.

2012-08-02-14h35m26P8023660.JPG
debug: Skip picture file - not text.

2012-08-02-15h07m52P8023661.JPG
debug: Skip picture file - not text.

2012-08-02-15h08m17P8023662.JPG
debug: Skip picture file - not text.

2012-08-02-15h10m20P8023663.JPG
debug: Skip picture file - not text.

2012-08-02-15h10m33P8023664.JPG
debug: Skip picture file - not text.

2012-08-02-15h10m44P8023665.JPG
debug: Skip picture file - not text.

2012-08-02-15h19m06P8023666.JPG
debug: Skip picture file - not text.

2012-08-02-15h19m20P8023667.JPG
debug: Skip picture file - not text.

2012-08-02-16h06m23P8023668.JPG
debug: Skip picture file - not text.

2012-08-02-16h06m33P8023669.JPG
debug: Skip picture file - not text.

2012-08-02-16h27m59P8023670.JPG
debug: Skip picture file - not text.

2012-08-02-16h28m08P8023671.JPG
debug: Skip picture file - not text.

2012-08-02-16h28m45P8023672.JPG
debug: Skip picture file - not text.

2012-08-02-16h28m57P8023673.JPG
debug: Skip picture file - not text.

2012-08-02-16h29m09P8023674.JPG
debug: Skip picture file - not text.

2012-08-02-16h31m46P8023675.JPG
debug: Skip picture file - not text.

2012-08-02-16h31m56P8023676.JPG
debug: Skip picture file - not text.

2012-08-02-16h32m05P8023677.JPG
debug: Skip picture file - not text.

Froeken-Jensens-Kogebog-1901.jpg
debug: Skip picture file - not text.

index.html
debug: CP=utf-8

where-am-i.js
debug: CP=???
debug: This is NOT html. Proceeding with care.
debug: CP=ASCII

[/home/lsb/Development/Web.git/lassesb/Mad/Broed]

index.html
debug: CP=utf-8

where-am-i.js
debug: CP=???
debug: This is NOT html. Proceeding with care.
debug: CP=ASCII

[/home/lsb/Development/Web.git/lassesb/Mad/Broed/_History]

DIR-FOER-REVISION-1-[31-01-2014].TXT
debug: CP=???
debug: This is NOT html. Proceeding with care.
debug: CP=ASCII

DIR-FOER-REVISION-13-[17-03-2014].TXT
debug: CP=???
debug: This is NOT html. Proceeding with care.
debug: CP=utf-8

DIR-FOER-REVISION-30-[21-03-2014].TXT
debug: CP=???
debug: This is NOT html. Proceeding with care.
debug: CP=utf-8

DIR-FOER-REVISION-42-[23-03-2014].TXT
debug: CP=???
debug: This is NOT html. Proceeding with care.
debug: CP=utf-8

DIR-FOER-REVISION-4-[31-01-2014].TXT
debug: CP=???
debug: This is NOT html. Proceeding with care.
debug: CP=utf-8

[/home/lsb/Development/Web.git/lassesb/Mad/Broed/Snyd]

index.html
debug: CP=utf-8

where-am-i.js
debug: CP=???
debug: This is NOT html. Proceeding with care.
debug: CP=ASCII

[/home/lsb/Development/Web.git/lassesb/Mad/Broed/Snyd/_History]

DIR-FOER-REVISION-1-[31-01-2014].TXT
debug: CP=???
debug: This is NOT html. Proceeding with care.
debug: CP=ASCII

DIR-FOER-REVISION-13-[17-03-2014].TXT
debug: CP=???
debug: This is NOT html. Proceeding with care.
debug: CP=utf-8

DIR-FOER-REVISION-30-[21-03-2014].TXT
debug: CP=???
debug: This is NOT html. Proceeding with care.
debug: CP=utf-8

DIR-FOER-REVISION-42-[23-03-2014].TXT
debug: CP=???
debug: This is NOT html. Proceeding with care.
debug: CP=utf-8

DIR-FOER-REVISION-4-[31-01-2014].TXT
debug: CP=???
debug: This is NOT html. Proceeding with care.
debug: CP=utf-8

[/home/lsb/Development/Web.git/lassesb/Mad/hide]

2012-03-11-20h20m02P3112926.JPG
debug: Skip picture file - not text.

2012-03-11-20h20m18P3112927.JPG
debug: Skip picture file - not text.

2012-03-11-20h20m33P3112928.JPG
debug: Skip picture file - not text.

2012-03-11-20h20m55P3112929.JPG
debug: Skip picture file - not text.

2012-06-10-18h23m15P6103057.JPG
debug: Skip picture file - not text.

2012-06-10-18h23m27P6103058.JPG
debug: Skip picture file - not text.

2012-06-10-18h23m41P6103059.JPG
debug: Skip picture file - not text.

2012-06-10-18h45m38P6103060.JPG
debug: Skip picture file - not text.

2012-06-10-18h46m05P6103061.JPG
debug: Skip picture file - not text.

2012-06-10-18h46m15P6103062.JPG
debug: Skip picture file - not text.

2012-06-10-18h46m36P6103063.JPG
debug: Skip picture file - not text.

[/home/lsb/Development/Web.git/lassesb/Mad/hide/_History]

DIR-FOER-REVISION-1-[31-01-2014].TXT
debug: CP=???
debug: This is NOT html. Proceeding with care.
debug: CP=ASCII

DIR-FOER-REVISION-13-[17-03-2014].TXT
debug: CP=???
debug: This is NOT html. Proceeding with care.
debug: CP=utf-8

DIR-FOER-REVISION-30-[21-03-2014].TXT
debug: CP=???
debug: This is NOT html. Proceeding with care.
debug: CP=utf-8

DIR-FOER-REVISION-4-[31-01-2014].TXT
debug: CP=???
debug: This is NOT html. Proceeding with care.
debug: CP=utf-8

[/home/lsb/Development/Web.git/lassesb/Mad/_History]

DIR-FOER-REVISION-1-[31-01-2014].TXT
debug: CP=???
debug: This is NOT html. Proceeding with care.
debug: CP=ASCII

DIR-FOER-REVISION-13-[17-03-2014].TXT
debug: CP=???
debug: This is NOT html. Proceeding with care.
debug: CP=utf-8

DIR-FOER-REVISION-30-[21-03-2014].TXT
debug: CP=???
debug: This is NOT html. Proceeding with care.
debug: CP=utf-8

DIR-FOER-REVISION-42-[23-03-2014].TXT
debug: CP=???
debug: This is NOT html. Proceeding with care.
debug: CP=utf-8

DIR-FOER-REVISION-4-[31-01-2014].TXT
debug: CP=???
debug: This is NOT html. Proceeding with care.
debug: CP=utf-8

[/home/lsb/Development/Web.git/lassesb/Mad/Hvedebroed]

index.html
debug: CP=utf-8

where-am-i.js
debug: CP=???
debug: This is NOT html. Proceeding with care.
debug: CP=ASCII

[/home/lsb/Development/Web.git/lassesb/Mad/Hvedebroed/Gaerbroed]

Brug-nu-bare-koldt-vand-fra-hanen.html
debug: CP=utf-8

Form-to-broed-uden-at-mase-dejen.html
debug: CP=utf-8

Franskbroed-2-styk.jpg
debug: Skip picture file - not text.

Gulerodsbrud-16-styk.jpg
debug: Skip picture file - not text.

Gulerodsbrud-25-styk.jpg
debug: Skip picture file - not text.

Gulerodsbrud-dej-0.jpg
debug: Skip picture file - not text.

Gulerodsbrud-dej-1.jpg
debug: Skip picture file - not text.

Gulerodsbrud-dej-2.jpg
debug: Skip picture file - not text.

Gulerodsbrud-dej-3.jpg
debug: Skip picture file - not text.

Gulerodsbrud-dej-4.jpg
debug: Skip picture file - not text.

Gulerodsbrud.html
debug: CP=utf-8

Havregrynsboller-16-styk.jpg
debug: Skip picture file - not text.

index.html
debug: CP=utf-8

Kartoffel_gulerodsbrud-med-surdej.txt
debug: CP=???
debug: This is NOT html. Proceeding with care.
debug: CP=utf-8

Kartoffel_-og-spinatbrud-16-styk-dej-haevet.jpg
debug: Skip picture file - not text.

Kartoffel_-og-spinatbrud-16-styk-dej.jpg
debug: Skip picture file - not text.

Kartoffel_-og-spinatbrud-16-styk.jpg
debug: Skip picture file - not text.

Kartoffel_-og-spinatbrud.html
debug: CP=utf-8

Min-surdej.txt
debug: CP=???
debug: This is NOT html. Proceeding with care.
debug: CP=utf-8

P4114008.JPG
debug: Skip picture file - not text.

P4114009.JPG
debug: Skip picture file - not text.

P9013772.JPG
debug: Skip picture file - not text.

P9013773.JPG
debug: Skip picture file - not text.

P9043774.JPG
debug: Skip picture file - not text.

P9043775.JPG
debug: Skip picture file - not text.

P9043776.JPG
debug: Skip picture file - not text.

P9043777.JPG
debug: Skip picture file - not text.

P9043778.JPG
debug: Skip picture file - not text.

P9213784.JPG
debug: Skip picture file - not text.

P9223786.JPG
debug: Skip picture file - not text.

P9223787.JPG
debug: Skip picture file - not text.

P9223788.JPG
debug: Skip picture file - not text.

P9223790.JPG
debug: Skip picture file - not text.

P9223791.JPG
debug: Skip picture file - not text.

P9223793.JPG
debug: Skip picture file - not text.

P9223794.JPG
debug: Skip picture file - not text.

P9223795.JPG
debug: Skip picture file - not text.

P9223796.JPG
debug: Skip picture file - not text.

P9223797.JPG
debug: Skip picture file - not text.

P9253798.JPG
debug: Skip picture file - not text.

P9253799.JPG
debug: Skip picture file - not text.

P9253800.JPG
debug: Skip picture file - not text.

P9253801.JPG
debug: Skip picture file - not text.

P9253802.JPG
debug: Skip picture file - not text.

P9253803.JPG
debug: Skip picture file - not text.

where-am-i.js
debug: CP=???
debug: This is NOT html. Proceeding with care.
debug: CP=ASCII

[/home/lsb/Development/Web.git/lassesb/Mad/Hvedebroed/Gaerbroed/hide]

2011-11-13-13h59m02PB132833.JPG
debug: Skip picture file - not text.

2011-11-13-13h59m22PB132834.JPG
debug: Skip picture file - not text.

2011-11-13-14h00m11PB132835.JPG
debug: Skip picture file - not text.

2011-11-13-14h03m05PB132836.JPG
debug: Skip picture file - not text.

2011-11-13-14h03m46PB132837.JPG
debug: Skip picture file - not text.

2011-11-13-14h03m51PB132838.JPG
debug: Skip picture file - not text.

2011-11-13-14h04m08PB132839.JPG
debug: Skip picture file - not text.

2011-11-13-14h43m51PB132840.JPG
debug: Skip picture file - not text.

2011-11-13-15h26m52PB132841.JPG
debug: Skip picture file - not text.

2011-11-13-15h54m08PB132842.JPG
debug: Skip picture file - not text.

2011-11-13-16h01m03PB132843.JPG
debug: Skip picture file - not text.

2011-11-13-16h01m51PB132844.JPG
debug: Skip picture file - not text.

2011-11-13-16h02m13PB132845.JPG
debug: Skip picture file - not text.

2011-11-13-16h25m07PB132846.JPG
debug: Skip picture file - not text.

2012-05-17-10h44m27P5172993.JPG
debug: Skip picture file - not text.

2012-05-17-10h44m36P5172994.JPG
debug: Skip picture file - not text.

2012-05-17-10h44m57P5172995.JPG
debug: Skip picture file - not text.

2012-05-17-10h45m08P5172996.JPG
debug: Skip picture file - not text.

2012-06-05-20h33m12P6053038.JPG
debug: Skip picture file - not text.

2012-06-05-20h33m19P6053039.JPG
debug: Skip picture file - not text.

2012-06-07-13h43m00P6073041.JPG
debug: Skip picture file - not text.

2012-06-07-13h43m28P6073043.JPG
debug: Skip picture file - not text.

2012-06-07-13h51m42P6073044.JPG
debug: Skip picture file - not text.

2012-06-07-13h52m28P6073045.JPG
debug: Skip picture file - not text.

2012-06-07-14h28m48P6073046.JPG
debug: Skip picture file - not text.

2012-06-07-14h32m18P6073048.JPG
debug: Skip picture file - not text.

2012-06-10-18h23m41P6103059.JPG
debug: Skip picture file - not text.

2012-06-10-18h46m15P6103062.JPG
debug: Skip picture file - not text.

2012-06-10-18h46m36P6103063.JPG
debug: Skip picture file - not text.

2012-08-23-19h04m36P8233740.JPG
debug: Skip picture file - not text.

2012-08-23-19h05m09P8233741.JPG
debug: Skip picture file - not text.

2012-08-23-19h20m57P8233742.JPG
debug: Skip picture file - not text.

2012-08-23-19h21m15P8233743.JPG
debug: Skip picture file - not text.

2012-08-23-19h21m24P8233744.JPG
debug: Skip picture file - not text.

2012-08-23-19h28m04P8233745.JPG
debug: Skip picture file - not text.

2012-08-23-19h28m12P8233746.JPG
debug: Skip picture file - not text.

2012-08-23-19h28m20P8233747.JPG
debug: Skip picture file - not text.

2012-08-23-19h44m45P8233748.JPG
debug: Skip picture file - not text.

2012-08-23-19h45m51P8233749.JPG
debug: Skip picture file - not text.

2012-08-23-19h47m01P8233750.JPG
debug: Skip picture file - not text.

2012-08-23-20h21m09P8233751.JPG
debug: Skip picture file - not text.

2012-08-23-20h24m12P8233752.JPG
debug: Skip picture file - not text.

2012-08-23-20h30m56P8233753.JPG
debug: Skip picture file - not text.

2012-08-23-20h31m00P8233754.JPG
debug: Skip picture file - not text.

2012-08-23-20h36m31P8233755.JPG
debug: Skip picture file - not text.

2012-08-23-20h57m48P8233756.JPG
debug: Skip picture file - not text.

2012-08-23-20h58m04P8233757.JPG
debug: Skip picture file - not text.

2012-08-23-21h10m29P8233758.JPG
debug: Skip picture file - not text.

2012-08-23-21h10m42P8233759.JPG
debug: Skip picture file - not text.

2012-08-23-21h10m54P8233760.JPG
debug: Skip picture file - not text.

2012-08-23-21h18m20P8233761.JPG
debug: Skip picture file - not text.

2012-08-23-21h18m29P8233762.JPG
debug: Skip picture file - not text.

2012-08-23-21h37m18P8233763.JPG
debug: Skip picture file - not text.

2012-08-23-21h37m27P8233764.JPG
debug: Skip picture file - not text.

2012-08-23-21h54m31P8233765.JPG
debug: Skip picture file - not text.

2012-08-23-21h59m39P8233766.JPG
debug: Skip picture file - not text.

2012-08-23-21h59m49P8233767.JPG
debug: Skip picture file - not text.

2012-08-27-12h38m29P8273768.JPG
debug: Skip picture file - not text.

2012-08-27-12h39m40P8273769.JPG
debug: Skip picture file - not text.

2012-08-27-12h39m50P8273770.JPG
debug: Skip picture file - not text.

2012-08-27-12h40m01P8273771.JPG
debug: Skip picture file - not text.

[/home/lsb/Development/Web.git/lassesb/Mad/Hvedebroed/Gaerbroed/hide/_History]

DIR-FOER-REVISION-1-[31-01-2014].TXT
debug: CP=???
debug: This is NOT html. Proceeding with care.
debug: CP=ASCII

DIR-FOER-REVISION-13-[17-03-2014].TXT
debug: CP=???
debug: This is NOT html. Proceeding with care.
debug: CP=utf-8

DIR-FOER-REVISION-30-[21-03-2014].TXT
debug: CP=???
debug: This is NOT html. Proceeding with care.
debug: CP=utf-8

DIR-FOER-REVISION-4-[31-01-2014].TXT
debug: CP=???
debug: This is NOT html. Proceeding with care.
debug: CP=utf-8

[/home/lsb/Development/Web.git/lassesb/Mad/Hvedebroed/Gaerbroed/_History]

DIR-FOER-REVISION-1-[31-01-2014].TXT
debug: CP=???
debug: This is NOT html. Proceeding with care.
debug: CP=ASCII

DIR-FOER-REVISION-13-[17-03-2014].TXT
debug: CP=???
debug: This is NOT html. Proceeding with care.
debug: CP=utf-8

DIR-FOER-REVISION-30-[21-03-2014].TXT
debug: CP=???
debug: This is NOT html. Proceeding with care.
debug: CP=utf-8

DIR-FOER-REVISION-42-[23-03-2014].TXT
debug: CP=???
debug: This is NOT html. Proceeding with care.
debug: CP=utf-8

DIR-FOER-REVISION-4-[31-01-2014].TXT
debug: CP=???
debug: This is NOT html. Proceeding with care.
debug: CP=utf-8

[/home/lsb/Development/Web.git/lassesb/Mad/Hvedebroed/_History]

DIR-FOER-REVISION-1-[31-01-2014].TXT
debug: CP=???
debug: This is NOT html. Proceeding with care.
debug: CP=ASCII

DIR-FOER-REVISION-13-[17-03-2014].TXT
debug: CP=???
debug: This is NOT html. Proceeding with care.
debug: CP=utf-8

DIR-FOER-REVISION-30-[21-03-2014].TXT
debug: CP=???
debug: This is NOT html. Proceeding with care.
debug: CP=utf-8

DIR-FOER-REVISION-42-[23-03-2014].TXT
debug: CP=???
debug: This is NOT html. Proceeding with care.
debug: CP=utf-8

DIR-FOER-REVISION-4-[31-01-2014].TXT
debug: CP=???
debug: This is NOT html. Proceeding with care.
debug: CP=utf-8

[/home/lsb/Development/Web.git/lassesb/Mad/Hvedebroed/Snydebroed]

2011-09-23-17h37m48P9232816.JPG
debug: Skip picture file - not text.

2011-09-23-17h38m00P9232817.JPG
debug: Skip picture file - not text.

2011-09-23-17h38m17P9232818.JPG
debug: Skip picture file - not text.

2011-09-23-18h29m11P9232819.JPG
debug: Skip picture file - not text.

2011-09-23-18h29m28P9232820.JPG
debug: Skip picture file - not text.

2011-09-23-18h30m18P9232821.JPG
debug: Skip picture file - not text.

2011-09-23-18h30m23P9232822.JPG
debug: Skip picture file - not text.

2011-09-23-18h31m01P9232823.JPG
debug: Skip picture file - not text.

2011-09-23-18h31m11P9232824.JPG
debug: Skip picture file - not text.

2011-09-24-12h20m31P9242825.JPG
debug: Skip picture file - not text.

2011-09-24-12h20m39P9242826.JPG
debug: Skip picture file - not text.

2011-09-24-12h20m43P9242827.JPG
debug: Skip picture file - not text.

2011-09-24-13h15m43P9242828.JPG
debug: Skip picture file - not text.

index.html
debug: CP=utf-8

snydebroed-500g-dej.jpg
debug: Skip picture file - not text.

snydebroed-500g.jpg
debug: Skip picture file - not text.

snydebroed-500g-wrapped.jpg
debug: Skip picture file - not text.

snydebroed-750g-dej.jpg
debug: Skip picture file - not text.

snydebroed-750g.jpg
debug: Skip picture file - not text.

where-am-i.js
debug: CP=???
debug: This is NOT html. Proceeding with care.
debug: CP=ASCII

[/home/lsb/Development/Web.git/lassesb/Mad/Hvedebroed/Snydebroed/_History]

DIR-FOER-REVISION-1-[31-01-2014].TXT
debug: CP=???
debug: This is NOT html. Proceeding with care.
debug: CP=ASCII

DIR-FOER-REVISION-13-[17-03-2014].TXT
debug: CP=???
debug: This is NOT html. Proceeding with care.
debug: CP=utf-8

DIR-FOER-REVISION-30-[21-03-2014].TXT
debug: CP=???
debug: This is NOT html. Proceeding with care.
debug: CP=utf-8

DIR-FOER-REVISION-42-[23-03-2014].TXT
debug: CP=???
debug: This is NOT html. Proceeding with care.
debug: CP=utf-8

DIR-FOER-REVISION-4-[31-01-2014].TXT
debug: CP=???
debug: This is NOT html. Proceeding with care.
debug: CP=utf-8

[/home/lsb/Development/Web.git/lassesb/Musik]

Don't-walk-around-angry.jpg
debug: Skip picture file - not text.

index.html
debug: CP=utf-8

where-am-i.js
debug: CP=???
debug: This is NOT html. Proceeding with care.
debug: CP=ASCII

[/home/lsb/Development/Web.git/lassesb/Musik/Covers]

index.html
debug: CP=utf-8

where-am-i.js
debug: CP=???
debug: This is NOT html. Proceeding with care.
debug: CP=ASCII

[/home/lsb/Development/Web.git/lassesb/Musik/Covers/(Mere-end-droemme,-der)-Forsvinder]

where-am-i.js
debug: CP=???
debug: This is NOT html. Proceeding with care.
debug: CP=ASCII

[/home/lsb/Development/Web.git/lassesb/Musik/Hallelujamusik]

index.html
debug: CP=utf-8

where-am-i.js
debug: CP=???
debug: This is NOT html. Proceeding with care.
debug: CP=ASCII

[/home/lsb/Development/Web.git/lassesb/Musik/Hallelujamusik/_History]

DIR-FOER-REVISION-1-[31-01-2014].TXT
debug: CP=???
debug: This is NOT html. Proceeding with care.
debug: CP=ASCII

DIR-FOER-REVISION-13-[17-03-2014].TXT
debug: CP=???
debug: This is NOT html. Proceeding with care.
debug: CP=utf-8

DIR-FOER-REVISION-30-[21-03-2014].TXT
debug: CP=???
debug: This is NOT html. Proceeding with care.
debug: CP=utf-8

DIR-FOER-REVISION-42-[23-03-2014].TXT
debug: CP=???
debug: This is NOT html. Proceeding with care.
debug: CP=utf-8

DIR-FOER-REVISION-4-[31-01-2014].TXT
debug: CP=???
debug: This is NOT html. Proceeding with care.
debug: CP=utf-8

[/home/lsb/Development/Web.git/lassesb/Musik/_History]

DIR-FOER-REVISION-1-[31-01-2014].TXT
debug: CP=???
debug: This is NOT html. Proceeding with care.
debug: CP=ASCII

DIR-FOER-REVISION-13-[17-03-2014].TXT
debug: CP=???
debug: This is NOT html. Proceeding with care.
debug: CP=utf-8

DIR-FOER-REVISION-30-[21-03-2014].TXT
debug: CP=???
debug: This is NOT html. Proceeding with care.
debug: CP=utf-8

DIR-FOER-REVISION-42-[23-03-2014].TXT
debug: CP=???
debug: This is NOT html. Proceeding with care.
debug: CP=utf-8

DIR-FOER-REVISION-4-[31-01-2014].TXT
debug: CP=???
debug: This is NOT html. Proceeding with care.
debug: CP=utf-8

[/home/lsb/Development/Web.git/lassesb/Musik/Hjemmelavede]

index.html
debug: CP=utf-8

where-am-i.js
debug: CP=???
debug: This is NOT html. Proceeding with care.
debug: CP=ASCII

[/home/lsb/Development/Web.git/lassesb/Musik/Hjemmelavede/Chimp]

index.html
debug: CP=utf-8

where-am-i.js
debug: CP=???
debug: This is NOT html. Proceeding with care.
debug: CP=ASCII

[/home/lsb/Development/Web.git/lassesb/Musik/Hjemmelavede/Chimp/_History]

DIR-FOER-REVISION-1-[31-01-2014].TXT
debug: CP=???
debug: This is NOT html. Proceeding with care.
debug: CP=ASCII

DIR-FOER-REVISION-13-[17-03-2014].TXT
debug: CP=???
debug: This is NOT html. Proceeding with care.
debug: CP=utf-8

DIR-FOER-REVISION-30-[21-03-2014].TXT
debug: CP=???
debug: This is NOT html. Proceeding with care.
debug: CP=utf-8

DIR-FOER-REVISION-42-[23-03-2014].TXT
debug: CP=???
debug: This is NOT html. Proceeding with care.
debug: CP=utf-8

DIR-FOER-REVISION-4-[31-01-2014].TXT
debug: CP=???
debug: This is NOT html. Proceeding with care.
debug: CP=utf-8

[/home/lsb/Development/Web.git/lassesb/Musik/Hjemmelavede/_History]

DIR-FOER-REVISION-1-[31-01-2014].TXT
debug: CP=???
debug: This is NOT html. Proceeding with care.
debug: CP=ASCII

DIR-FOER-REVISION-13-[17-03-2014].TXT
debug: CP=???
debug: This is NOT html. Proceeding with care.
debug: CP=utf-8

DIR-FOER-REVISION-30-[21-03-2014].TXT
debug: CP=???
debug: This is NOT html. Proceeding with care.
debug: CP=utf-8

DIR-FOER-REVISION-42-[23-03-2014].TXT
debug: CP=???
debug: This is NOT html. Proceeding with care.
debug: CP=utf-8

DIR-FOER-REVISION-4-[31-01-2014].TXT
debug: CP=???
debug: This is NOT html. Proceeding with care.
debug: CP=utf-8

[/home/lsb/Development/Web.git/lassesb/Musik/Hjemmelavede/Igmarj]

Igmarj-ide---2012-06-27-11;57.html
debug: CP=utf-8

index.html
debug: CP=utf-8

where-am-i.js
debug: CP=???
debug: This is NOT html. Proceeding with care.
debug: CP=ASCII

[/home/lsb/Development/Web.git/lassesb/Musik/Hjemmelavede/Igmarj/_History]

DIR-FOER-REVISION-1-[31-01-2014].TXT
debug: CP=???
debug: This is NOT html. Proceeding with care.
debug: CP=ASCII

DIR-FOER-REVISION-13-[17-03-2014].TXT
debug: CP=???
debug: This is NOT html. Proceeding with care.
debug: CP=utf-8

DIR-FOER-REVISION-30-[21-03-2014].TXT
debug: CP=???
debug: This is NOT html. Proceeding with care.
debug: CP=utf-8

DIR-FOER-REVISION-42-[23-03-2014].TXT
debug: CP=???
debug: This is NOT html. Proceeding with care.
debug: CP=utf-8

DIR-FOER-REVISION-4-[31-01-2014].TXT
debug: CP=???
debug: This is NOT html. Proceeding with care.
debug: CP=utf-8

[/home/lsb/Development/Web.git/lassesb/Musik/Hjemmelavede/Judas]

index.html
debug: CP=utf-8

Judas-1.3.pdf
debug: Skip PDF file - not text.

Judas.jpg
debug: Skip picture file - not text.

where-am-i.js
debug: CP=???
debug: This is NOT html. Proceeding with care.
debug: CP=ASCII

[/home/lsb/Development/Web.git/lassesb/Musik/Hjemmelavede/Judas/_History]

DIR-FOER-REVISION-1-[31-01-2014].TXT
debug: CP=???
debug: This is NOT html. Proceeding with care.
debug: CP=ASCII

DIR-FOER-REVISION-13-[17-03-2014].TXT
debug: CP=???
debug: This is NOT html. Proceeding with care.
debug: CP=utf-8

DIR-FOER-REVISION-30-[21-03-2014].TXT
debug: CP=???
debug: This is NOT html. Proceeding with care.
debug: CP=utf-8

DIR-FOER-REVISION-42-[23-03-2014].TXT
debug: CP=???
debug: This is NOT html. Proceeding with care.
debug: CP=utf-8

DIR-FOER-REVISION-4-[31-01-2014].TXT
debug: CP=???
debug: This is NOT html. Proceeding with care.
debug: CP=utf-8

[/home/lsb/Development/Web.git/lassesb/Musik/Hjemmelavede/Loke]

Baggrund.html
debug: CP=utf-8

En-svaer-proces.html
debug: CP=utf-8

index.html
debug: CP=utf-8

Loke-1.4---Becifringer.doc
debug: Skip Word file - not text.

Loke-1.4---Becifringer.pdf
debug: Skip PDF file - not text.

Loki,_by_Maarten_Eskil_Winge_1890.jpg
debug: Skip picture file - not text.

where-am-i.js
debug: CP=???
debug: This is NOT html. Proceeding with care.
debug: CP=ASCII

[/home/lsb/Development/Web.git/lassesb/Musik/Hjemmelavede/Loke/Historik]

index.html
debug: CP=utf-8

where-am-i.js
debug: CP=???
debug: This is NOT html. Proceeding with care.
debug: CP=ASCII

[/home/lsb/Development/Web.git/lassesb/Musik/Hjemmelavede/Loke/Historik/_History]

DIR-FOER-REVISION-18-[18-03-2014].TXT
debug: CP=???
debug: This is NOT html. Proceeding with care.
debug: CP=utf-8

DIR-FOER-REVISION-30-[21-03-2014].TXT
debug: CP=???
debug: This is NOT html. Proceeding with care.
debug: CP=utf-8

DIR-FOER-REVISION-42-[23-03-2014].TXT
debug: CP=???
debug: This is NOT html. Proceeding with care.
debug: CP=utf-8

[/home/lsb/Development/Web.git/lassesb/Musik/Hjemmelavede/Loke/Historik/Loke-1.0]

index.html
debug: CP=utf-8

Loke-tanker-1.0.pdf
debug: Skip PDF file - not text.

where-am-i.js
debug: CP=???
debug: This is NOT html. Proceeding with care.
debug: CP=ASCII

[/home/lsb/Development/Web.git/lassesb/Musik/Hjemmelavede/Loke/Historik/Loke-1.0/_History]

DIR-FOER-REVISION-18-[18-03-2014].TXT
debug: CP=???
debug: This is NOT html. Proceeding with care.
debug: CP=utf-8

DIR-FOER-REVISION-30-[21-03-2014].TXT
debug: CP=???
debug: This is NOT html. Proceeding with care.
debug: CP=utf-8

DIR-FOER-REVISION-42-[23-03-2014].TXT
debug: CP=???
debug: This is NOT html. Proceeding with care.
debug: CP=utf-8

[/home/lsb/Development/Web.git/lassesb/Musik/Hjemmelavede/Loke/Historik/Loke-1.1]

index.html
debug: CP=utf-8

Loke-1.1.26-med-track-numre.txt.html
debug: CP=utf-8

Loke-1.1.44-(English).html
debug: CP=utf-8

where-am-i.js
debug: CP=???
debug: This is NOT html. Proceeding with care.
debug: CP=ASCII

[/home/lsb/Development/Web.git/lassesb/Musik/Hjemmelavede/Loke/Historik/Loke-1.1/_History]

DIR-FOER-REVISION-18-[18-03-2014].TXT
debug: CP=???
debug: This is NOT html. Proceeding with care.
debug: CP=utf-8

DIR-FOER-REVISION-30-[21-03-2014].TXT
debug: CP=???
debug: This is NOT html. Proceeding with care.
debug: CP=utf-8

DIR-FOER-REVISION-42-[23-03-2014].TXT
debug: CP=???
debug: This is NOT html. Proceeding with care.
debug: CP=utf-8

[/home/lsb/Development/Web.git/lassesb/Musik/Hjemmelavede/Loke/Historik/Loke-1.2]

index.html
debug: CP=utf-8

Loke-1.2---becifringer.doc
debug: Skip Word file - not text.

Loke-1.2---becifringer.pdf
debug: Skip PDF file - not text.

Loke-fix-for-69-og-nyere.html
debug: CP=utf-8

Mix-1.2.69.html
debug: CP=utf-8

where-am-i.js
debug: CP=???
debug: This is NOT html. Proceeding with care.
debug: CP=ASCII

[/home/lsb/Development/Web.git/lassesb/Musik/Hjemmelavede/Loke/Historik/Loke-1.2/_History]

DIR-FOER-REVISION-18-[18-03-2014].TXT
debug: CP=???
debug: This is NOT html. Proceeding with care.
debug: CP=utf-8

DIR-FOER-REVISION-30-[21-03-2014].TXT
debug: CP=???
debug: This is NOT html. Proceeding with care.
debug: CP=utf-8

DIR-FOER-REVISION-42-[23-03-2014].TXT
debug: CP=???
debug: This is NOT html. Proceeding with care.
debug: CP=utf-8

[/home/lsb/Development/Web.git/lassesb/Musik/Hjemmelavede/Loke/Historik/Loke-1.3]

Baggrund.html
debug: CP=utf-8

En-svaer-proces.html
debug: CP=utf-8

index.html
debug: CP=utf-8

Loke-efter-1.3.86.5.html
debug: CP=utf-8

Mix-1.3.82.4.html
debug: CP=utf-8

where-am-i.js
debug: CP=???
debug: This is NOT html. Proceeding with care.
debug: CP=ASCII

[/home/lsb/Development/Web.git/lassesb/Musik/Hjemmelavede/Loke/Historik/Loke-1.3/_History]

DIR-FOER-REVISION-18-[18-03-2014].TXT
debug: CP=???
debug: This is NOT html. Proceeding with care.
debug: CP=utf-8

DIR-FOER-REVISION-30-[21-03-2014].TXT
debug: CP=???
debug: This is NOT html. Proceeding with care.
debug: CP=utf-8

DIR-FOER-REVISION-42-[23-03-2014].TXT
debug: CP=???
debug: This is NOT html. Proceeding with care.
debug: CP=utf-8

[/home/lsb/Development/Web.git/lassesb/Musik/Hjemmelavede/Loke/_History]

DIR-FOER-REVISION-1-[31-01-2014].TXT
debug: CP=???
debug: This is NOT html. Proceeding with care.
debug: CP=ASCII

DIR-FOER-REVISION-13-[17-03-2014].TXT
debug: CP=???
debug: This is NOT html. Proceeding with care.
debug: CP=utf-8

DIR-FOER-REVISION-17-[17-03-2014].TXT
debug: CP=???
debug: This is NOT html. Proceeding with care.
debug: CP=utf-8

DIR-FOER-REVISION-18-[18-03-2014].TXT
debug: CP=???
debug: This is NOT html. Proceeding with care.
debug: CP=utf-8

DIR-FOER-REVISION-30-[21-03-2014].TXT
debug: CP=???
debug: This is NOT html. Proceeding with care.
debug: CP=utf-8

DIR-FOER-REVISION-42-[23-03-2014].TXT
debug: CP=???
debug: This is NOT html. Proceeding with care.
debug: CP=utf-8

DIR-FOER-REVISION-4-[31-01-2014].TXT
debug: CP=???
debug: This is NOT html. Proceeding with care.
debug: CP=utf-8

[/home/lsb/Development/Web.git/lassesb/Musik/Hjemmelavede/Loke/Ideer]

Loke-ide-1---2011-06-07---09;00.mp3
debug: Skip audio file - not text.

Loke-ide-1---2011-06-07---09;00.mp3.html
debug: CP=utf-8

Loke-ide-1---2011-06-07---11;20.html
debug: CP=utf-8

Loke-ide-2---2011-06-08.mp3
debug: Skip audio file - not text.

Loke-ide-2---2011-06-08.mp3.html
debug: CP=utf-8

Loke-ide-3---2011-06-09---09;30.mp3
debug: Skip audio file - not text.

Loke-ide-3---2011-06-09---09;30.mp3.html
debug: CP=utf-8

Loke-ide-4---2011-06-10---07;06.html
debug: CP=utf-8

Loke-ide-5---2011-06-10---09;22.html
debug: CP=utf-8

Loke-ide-6---2011-07-06---00;38.html
debug: CP=utf-8

Loke-ide-9---2011-07-08---08;23.html
debug: CP=utf-8

where-am-i.js
debug: CP=???
debug: This is NOT html. Proceeding with care.
debug: CP=ASCII

[/home/lsb/Development/Web.git/lassesb/Musik/Hjemmelavede/Loke/Ideer/_History]

DIR-FOER-REVISION-18-[18-03-2014].TXT
debug: CP=???
debug: This is NOT html. Proceeding with care.
debug: CP=utf-8

DIR-FOER-REVISION-30-[21-03-2014].TXT
debug: CP=???
debug: This is NOT html. Proceeding with care.
debug: CP=utf-8

DIR-FOER-REVISION-42-[23-03-2014].TXT
debug: CP=???
debug: This is NOT html. Proceeding with care.
debug: CP=utf-8

[/home/lsb/Development/Web.git/lassesb/Musik/Hjemmelavede/Loke/lyd]

Loke-1.1.13_fixed---2011-10-27---12;47.mp3
debug: Skip audio file - not text.

Loke-1.1.30---2012-02-09---07;52.mp3
debug: Skip audio file - not text.

Loke-1.1.34---2012-02-25---23;36.mp3
debug: Skip audio file - not text.

Loke-1.1.40---2012-03-12---16;13.mp3
debug: Skip audio file - not text.

Loke-1.1.44---2012-03-16-09;26---split-mix.mp3
debug: Skip audio file - not text.

Loke-1.1.44---2012-03-16-09;26---umixet.mp3
debug: Skip audio file - not text.

Loke-1.1.48---2012-03-23-09;50---unmixed.mp3
debug: Skip audio file - not text.

Loke-1.2.56---2012-04-13-14;09---split_mixed.mp3
debug: Skip audio file - not text.

Loke-1.2.59---2012-05-01-07;57---split_mixed.mp3
debug: Skip audio file - not text.

Loke-1.2.69---2012-06-01-22;54---split-mixed-boosted.mp3
debug: Skip audio file - not text.

Loke-1.3.74.7---2012-11-28-15;14---split-mixed-boosted.mp3
debug: Skip audio file - not text.

Loke-1.3.82.4---2013-01-17-16;30.mp3
debug: Skip audio file - not text.

Loke-1.3.86.5---2013-05-01-14;08.mp3
debug: Skip audio file - not text.

Loke-1.4.91.5.mp3
debug: Skip audio file - not text.

where-am-i.js
debug: CP=???
debug: This is NOT html. Proceeding with care.
debug: CP=ASCII

[/home/lsb/Development/Web.git/lassesb/Musik/Hjemmelavede/Loke/lyd/_History]

DIR-FOER-REVISION-18-[18-03-2014].TXT
debug: CP=???
debug: This is NOT html. Proceeding with care.
debug: CP=utf-8

DIR-FOER-REVISION-30-[21-03-2014].TXT
debug: CP=???
debug: This is NOT html. Proceeding with care.
debug: CP=utf-8

[/home/lsb/Development/Web.git/lassesb/Musik/Hjemmelavede/Mester-Mikkel]

index.html
debug: CP=utf-8

MesterMikkel-1.1.pdf
debug: Skip PDF file - not text.

Tower.JPG
debug: Skip picture file - not text.

Tower.png
debug: Skip picture file - not text.

TroldmandenPaaSlottet_100dpi.png
debug: Skip picture file - not text.

TroldmandenPaaSlottet_100dpi_udsnit.png
debug: Skip picture file - not text.

where-am-i.js
debug: CP=???
debug: This is NOT html. Proceeding with care.
debug: CP=ASCII

[/home/lsb/Development/Web.git/lassesb/Musik/Hjemmelavede/Mester-Mikkel/_History]

DIR-FOER-REVISION-1-[31-01-2014].TXT
debug: CP=???
debug: This is NOT html. Proceeding with care.
debug: CP=ASCII

DIR-FOER-REVISION-13-[17-03-2014].TXT
debug: CP=???
debug: This is NOT html. Proceeding with care.
debug: CP=utf-8

DIR-FOER-REVISION-30-[21-03-2014].TXT
debug: CP=???
debug: This is NOT html. Proceeding with care.
debug: CP=utf-8

DIR-FOER-REVISION-42-[23-03-2014].TXT
debug: CP=???
debug: This is NOT html. Proceeding with care.
debug: CP=utf-8

DIR-FOER-REVISION-4-[31-01-2014].TXT
debug: CP=???
debug: This is NOT html. Proceeding with care.
debug: CP=utf-8

[/home/lsb/Development/Web.git/lassesb/Musik/Hjemmelavede/Morten-og-prinsessen]

index.html
debug: CP=utf-8

MortenOgPrinsessen-1.0.pdf
debug: Skip PDF file - not text.

Pjask.jpg
debug: Skip picture file - not text.

where-am-i.js
debug: CP=???
debug: This is NOT html. Proceeding with care.
debug: CP=ASCII

[/home/lsb/Development/Web.git/lassesb/Musik/Hjemmelavede/Morten-og-prinsessen/_History]

DIR-FOER-REVISION-1-[31-01-2014].TXT
debug: CP=???
debug: This is NOT html. Proceeding with care.
debug: CP=ASCII

DIR-FOER-REVISION-13-[17-03-2014].TXT
debug: CP=???
debug: This is NOT html. Proceeding with care.
debug: CP=utf-8

DIR-FOER-REVISION-30-[21-03-2014].TXT
debug: CP=???
debug: This is NOT html. Proceeding with care.
debug: CP=utf-8

DIR-FOER-REVISION-42-[23-03-2014].TXT
debug: CP=???
debug: This is NOT html. Proceeding with care.
debug: CP=utf-8

DIR-FOER-REVISION-4-[31-01-2014].TXT
debug: CP=???
debug: This is NOT html. Proceeding with care.
debug: CP=utf-8

[/home/lsb/Development/Web.git/lassesb/Musik/Oversaettelser]

index.html
debug: CP=utf-8

where-am-i.js
debug: CP=???
debug: This is NOT html. Proceeding with care.
debug: CP=ASCII

[/home/lsb/Development/Web.git/lassesb/Musik/Oversaettelser/Abemand]

Abemand.jpg
debug: Skip picture file - not text.

index.html
debug: CP=utf-8

where-am-i.js
debug: CP=???
debug: This is NOT html. Proceeding with care.
debug: CP=ASCII

[/home/lsb/Development/Web.git/lassesb/Musik/Oversaettelser/Abemand/_History]

DIR-FOER-REVISION-1-[31-01-2014].TXT
debug: CP=???
debug: This is NOT html. Proceeding with care.
debug: CP=ASCII

DIR-FOER-REVISION-13-[17-03-2014].TXT
debug: CP=???
debug: This is NOT html. Proceeding with care.
debug: CP=utf-8

DIR-FOER-REVISION-30-[21-03-2014].TXT
debug: CP=???
debug: This is NOT html. Proceeding with care.
debug: CP=utf-8

DIR-FOER-REVISION-42-[23-03-2014].TXT
debug: CP=???
debug: This is NOT html. Proceeding with care.
debug: CP=utf-8

DIR-FOER-REVISION-4-[31-01-2014].TXT
debug: CP=???
debug: This is NOT html. Proceeding with care.
debug: CP=utf-8

[/home/lsb/Development/Web.git/lassesb/Musik/Oversaettelser/De-barmhjertige-soestre]

index.html
debug: CP=utf-8

Version-1.0.html
debug: CP=utf-8

Version-1.1.html
debug: CP=utf-8

where-am-i.js
debug: CP=???
debug: This is NOT html. Proceeding with care.
debug: CP=ASCII

[/home/lsb/Development/Web.git/lassesb/Musik/Oversaettelser/De-barmhjertige-soestre/_History]

DIR-FOER-REVISION-1-[31-01-2014].TXT
debug: CP=???
debug: This is NOT html. Proceeding with care.
debug: CP=ASCII

DIR-FOER-REVISION-13-[17-03-2014].TXT
debug: CP=???
debug: This is NOT html. Proceeding with care.
debug: CP=utf-8

DIR-FOER-REVISION-30-[21-03-2014].TXT
debug: CP=???
debug: This is NOT html. Proceeding with care.
debug: CP=utf-8

DIR-FOER-REVISION-42-[23-03-2014].TXT
debug: CP=???
debug: This is NOT html. Proceeding with care.
debug: CP=utf-8

DIR-FOER-REVISION-4-[31-01-2014].TXT
debug: CP=???
debug: This is NOT html. Proceeding with care.
debug: CP=utf-8

[/home/lsb/Development/Web.git/lassesb/Musik/Oversaettelser/Den-gule-ubaad]

index.html
debug: CP=utf-8

where-am-i.js
debug: CP=???
debug: This is NOT html. Proceeding with care.
debug: CP=ASCII

[/home/lsb/Development/Web.git/lassesb/Musik/Oversaettelser/Den-gule-ubaad/_History]

DIR-FOER-REVISION-1-[31-01-2014].TXT
debug: CP=???
debug: This is NOT html. Proceeding with care.
debug: CP=ASCII

DIR-FOER-REVISION-13-[17-03-2014].TXT
debug: CP=???
debug: This is NOT html. Proceeding with care.
debug: CP=utf-8

DIR-FOER-REVISION-30-[21-03-2014].TXT
debug: CP=???
debug: This is NOT html. Proceeding with care.
debug: CP=utf-8

DIR-FOER-REVISION-42-[23-03-2014].TXT
debug: CP=???
debug: This is NOT html. Proceeding with care.
debug: CP=utf-8

DIR-FOER-REVISION-4-[31-01-2014].TXT
debug: CP=???
debug: This is NOT html. Proceeding with care.
debug: CP=utf-8

[/home/lsb/Development/Web.git/lassesb/Musik/Oversaettelser/_History]

DIR-FOER-REVISION-1-[31-01-2014].TXT
debug: CP=???
debug: This is NOT html. Proceeding with care.
debug: CP=ASCII

DIR-FOER-REVISION-13-[17-03-2014].TXT
debug: CP=???
debug: This is NOT html. Proceeding with care.
debug: CP=utf-8

DIR-FOER-REVISION-30-[21-03-2014].TXT
debug: CP=???
debug: This is NOT html. Proceeding with care.
debug: CP=utf-8

DIR-FOER-REVISION-42-[23-03-2014].TXT
debug: CP=???
debug: This is NOT html. Proceeding with care.
debug: CP=utf-8

DIR-FOER-REVISION-4-[31-01-2014].TXT
debug: CP=???
debug: This is NOT html. Proceeding with care.
debug: CP=utf-8

[/home/lsb/Development/Web.git/lassesb/Musik/Oversaettelser/Ingenting-(absolut-nul)]

index.html
debug: CP=utf-8

where-am-i.js
debug: CP=???
debug: This is NOT html. Proceeding with care.
debug: CP=ASCII

[/home/lsb/Development/Web.git/lassesb/Musik/Oversaettelser/Ingenting-(absolut-nul)/_History]

DIR-FOER-REVISION-1-[31-01-2014].TXT
debug: CP=???
debug: This is NOT html. Proceeding with care.
debug: CP=ASCII

DIR-FOER-REVISION-13-[17-03-2014].TXT
debug: CP=???
debug: This is NOT html. Proceeding with care.
debug: CP=utf-8

DIR-FOER-REVISION-30-[21-03-2014].TXT
debug: CP=???
debug: This is NOT html. Proceeding with care.
debug: CP=utf-8

DIR-FOER-REVISION-42-[23-03-2014].TXT
debug: CP=???
debug: This is NOT html. Proceeding with care.
debug: CP=utf-8

DIR-FOER-REVISION-4-[31-01-2014].TXT
debug: CP=???
debug: This is NOT html. Proceeding with care.
debug: CP=utf-8

[/home/lsb/Development/Web.git/lassesb/Musik/Oversaettelser/Jeg-er-en-astronaut]

index.html
debug: CP=utf-8

where-am-i.js
debug: CP=???
debug: This is NOT html. Proceeding with care.
debug: CP=ASCII

[/home/lsb/Development/Web.git/lassesb/Musik/Oversaettelser/Jeg-er-en-astronaut/_History]

DIR-FOER-REVISION-1-[31-01-2014].TXT
debug: CP=???
debug: This is NOT html. Proceeding with care.
debug: CP=ASCII

DIR-FOER-REVISION-13-[17-03-2014].TXT
debug: CP=???
debug: This is NOT html. Proceeding with care.
debug: CP=utf-8

DIR-FOER-REVISION-30-[21-03-2014].TXT
debug: CP=???
debug: This is NOT html. Proceeding with care.
debug: CP=utf-8

DIR-FOER-REVISION-42-[23-03-2014].TXT
debug: CP=???
debug: This is NOT html. Proceeding with care.
debug: CP=utf-8

DIR-FOER-REVISION-4-[31-01-2014].TXT
debug: CP=???
debug: This is NOT html. Proceeding with care.
debug: CP=utf-8

[/home/lsb/Development/Web.git/lassesb/Musik/Oversaettelser/Mere]

crying-statue.jpg
debug: Skip picture file - not text.

index.html
debug: CP=utf-8

where-am-i.js
debug: CP=???
debug: This is NOT html. Proceeding with care.
debug: CP=ASCII

[/home/lsb/Development/Web.git/lassesb/Musik/Oversaettelser/Mere/_History]

DIR-FOER-REVISION-1-[31-01-2014].TXT
debug: CP=???
debug: This is NOT html. Proceeding with care.
debug: CP=ASCII

DIR-FOER-REVISION-13-[17-03-2014].TXT
debug: CP=???
debug: This is NOT html. Proceeding with care.
debug: CP=utf-8

DIR-FOER-REVISION-30-[21-03-2014].TXT
debug: CP=???
debug: This is NOT html. Proceeding with care.
debug: CP=utf-8

DIR-FOER-REVISION-42-[23-03-2014].TXT
debug: CP=???
debug: This is NOT html. Proceeding with care.
debug: CP=utf-8

DIR-FOER-REVISION-4-[31-01-2014].TXT
debug: CP=???
debug: This is NOT html. Proceeding with care.
debug: CP=utf-8

[/home/lsb/Development/Web.git/lassesb/Musik/Taet-nok-paa-til-pjat]

index.html
debug: CP=utf-8

where-am-i.js
debug: CP=???
debug: This is NOT html. Proceeding with care.
debug: CP=ASCII

[/home/lsb/Development/Web.git/lassesb/Musik/Taet-nok-paa-til-pjat/_History]

DIR-FOER-REVISION-1-[31-01-2014].TXT
debug: CP=???
debug: This is NOT html. Proceeding with care.
debug: CP=ASCII

DIR-FOER-REVISION-13-[17-03-2014].TXT
debug: CP=???
debug: This is NOT html. Proceeding with care.
debug: CP=utf-8

DIR-FOER-REVISION-30-[21-03-2014].TXT
debug: CP=???
debug: This is NOT html. Proceeding with care.
debug: CP=utf-8

DIR-FOER-REVISION-42-[23-03-2014].TXT
debug: CP=???
debug: This is NOT html. Proceeding with care.
debug: CP=utf-8

DIR-FOER-REVISION-4-[31-01-2014].TXT
debug: CP=???
debug: This is NOT html. Proceeding with care.
debug: CP=utf-8

[/home/lsb/Development/Web.git/lassesb/Musik/Taet-nok-paa-til-pjat$1]

DotTest.html
debug: CP=utf-8

index.html
debug: CP=utf-8

where-am-i.js
debug: CP=???
debug: This is NOT html. Proceeding with care.
debug: CP=ASCII

[/home/lsb/Development/Web.git/lassesb/Musik/Taet-nok-paa-til-pjat$1/_History]

DIR-FOER-REVISION-1-[31-01-2014].TXT
debug: CP=???
debug: This is NOT html. Proceeding with care.
debug: CP=ASCII

DIR-FOER-REVISION-30-[21-03-2014].TXT
debug: CP=???
debug: This is NOT html. Proceeding with care.
debug: CP=utf-8

DIR-FOER-REVISION-42-[23-03-2014].TXT
debug: CP=???
debug: This is NOT html. Proceeding with care.
debug: CP=utf-8

DIR-FOER-REVISION-4-[31-01-2014].TXT
debug: CP=???
debug: This is NOT html. Proceeding with care.
debug: CP=utf-8

[/home/lsb/Development/Web.git/lassesb/Papirer]

Anbefaling_2000-xx-xx_laerling_grundfos_lassesteenbohnstedt.jpg
debug: Skip picture file - not text.

Anbefaling_2000-xx-xx_laerling_grundfos_lassesteenbohnstedt.pdf
debug: Skip PDF file - not text.

Anbefaling_2002-11-05_laerling_grundfos_lassesteenbohnstedt.jpg
debug: Skip picture file - not text.

Anbefaling_2002-11-05_laerling_grundfos_lassesteenbohnstedt.pdf
debug: Skip PDF file - not text.

Anbefaling_2006-05-30_softwareudvikler_grundfos_lassesteenbohnstedt.jpg
debug: Skip picture file - not text.

Anbefaling_2006-05-30_softwareudvikler_grundfos_lassesteenbohnstedt.pdf
debug: Skip PDF file - not text.

Anbefaling_2009-03-18_softwareudvikler_KeyToSound_Koblo_lassesteenbohnstedt.jpg
debug: Skip picture file - not text.

Anbefaling_2009-03-18_softwareudvikler_KeyToSound_Koblo_lassesteenbohnstedt.pdf
debug: Skip PDF file - not text.

Bevis_1988-06-15_folkeskole_9kl_lassesteenbohnstedt.jpg
debug: Skip picture file - not text.

Bevis_1988-06-15_folkeskole_9kl_lassesteenbohnstedt.pdf
debug: Skip PDF file - not text.

Bevis_1991-06-21_student_mat_lassesteenbohnstedt.jpg
debug: Skip picture file - not text.

Bevis_1991-06-21_student_mat_lassesteenbohnstedt.pdf
debug: Skip PDF file - not text.

Bevis_1997-12-19_skp2_elektronikmekaniker_lassesteenbohnstedt.pdf
debug: Skip PDF file - not text.

Bevis_1998-09-04_skp3_datamekaniker_lassesteenbohnstedt.pdf
debug: Skip PDF file - not text.

Bevis_1998-10-09_skp4_datamekaniker_lassesteenbohnstedt.pdf
debug: Skip PDF file - not text.

Bevis_1999-06-24_skp5_datamekaniker_lassesteenbohnstedt.pdf
debug: Skip PDF file - not text.

Bevis_2000-05-05_skp6_datamekaniker_lassesteenbohnstedt.pdf
debug: Skip PDF file - not text.

Bevis_2000-10-06_skp7_datamekaniker_lassesteenbohnstedt.pdf
debug: Skip PDF file - not text.

Bevis_2001-05-10_skp8_datamekaniker_lassesteenbohnstedt.pdf
debug: Skip PDF file - not text.

Bevis_2002-03-15_skp9_datamekaniker_lassesteenbohnstedt.pdf
debug: Skip PDF file - not text.

Bevis_2002-10-04_datamekaniker_lassesteenbohnstedt.jpg
debug: Skip picture file - not text.

Bevis_2002-10-04_datamekaniker_lassesteenbohnstedt.pdf
debug: Skip PDF file - not text.

index.html
debug: CP=utf-8

SFO_Boelgen_2010-10-24.jpg
debug: Skip picture file - not text.

SFO_Boelgen_2010-10-24.pdf
debug: Skip PDF file - not text.

SFO_Boelgen_2011-01-03.jpg
debug: Skip picture file - not text.

SFO_Boelgen_2011-01-03.pdf
debug: Skip PDF file - not text.

SFO_Boelgen_2011-08-01.jpg
debug: Skip picture file - not text.

SFO_Boelgen_2011-08-01.pdf
debug: Skip PDF file - not text.

Svendebrev_2002-11-24_datamekaniker_lassesteenbohnstedt_hiQ.pdf
debug: Skip PDF file - not text.

Svendebrev_2002-11-24_datamekaniker_lassesteenbohnstedt.jpg
debug: Skip picture file - not text.

Svendebrev_2002-11-24_datamekaniker_lassesteenbohnstedt_midQ.pdf
debug: Skip PDF file - not text.

where-am-i.js
debug: CP=???
debug: This is NOT html. Proceeding with care.
debug: CP=ASCII

[/home/lsb/Development/Web.git/lassesb/Papirer/_History]

DIR-FOER-REVISION-1-[31-01-2014].TXT
debug: CP=???
debug: This is NOT html. Proceeding with care.
debug: CP=ASCII

DIR-FOER-REVISION-13-[17-03-2014].TXT
debug: CP=???
debug: This is NOT html. Proceeding with care.
debug: CP=utf-8

DIR-FOER-REVISION-30-[21-03-2014].TXT
debug: CP=???
debug: This is NOT html. Proceeding with care.
debug: CP=utf-8

DIR-FOER-REVISION-42-[23-03-2014].TXT
debug: CP=???
debug: This is NOT html. Proceeding with care.
debug: CP=utf-8

DIR-FOER-REVISION-4-[31-01-2014].TXT
debug: CP=???
debug: This is NOT html. Proceeding with care.
debug: CP=utf-8

[/home/lsb/Development/Web.git/lassesb/pdf]

114_til-2013-06-29.pdf
debug: Skip PDF file - not text.

115_2013-2014.pdf
debug: Skip PDF file - not text.

117_2013-2014.pdf
debug: Skip PDF file - not text.

117_til-2013-06-29.pdf
debug: Skip PDF file - not text.

200_2013-2014.pdf
debug: Skip PDF file - not text.

314_2013-2014.pdf
debug: Skip PDF file - not text.

314_til-2013-06-29.pdf
debug: Skip PDF file - not text.

Arbejdstider-lasse-2014-08-18.pdf
debug: Skip PDF file - not text.

Film-2012-07 boerne-tegne.pdf
debug: Skip PDF file - not text.

Film-2012-07 kvinder.pdf
debug: Skip PDF file - not text.

Film-2012-07 maend.pdf
debug: Skip PDF file - not text.

Film-2012-07 oensker.pdf
debug: Skip PDF file - not text.

Film-2012-07 samling.pdf
debug: Skip PDF file - not text.

Film-2012-09-boerne.pdf
debug: Skip PDF file - not text.

Film-2012-09-kvinder.pdf
debug: Skip PDF file - not text.

Film-2012-09-maend.pdf
debug: Skip PDF file - not text.

Film-2012-09-oenskeliste.pdf
debug: Skip PDF file - not text.

Film-2012-09-samling.pdf
debug: Skip PDF file - not text.

Film-boern-2013-08-01.pdf
debug: Skip PDF file - not text.

Film-boern-2013-09-07.pdf
debug: Skip PDF file - not text.

Film-boern-juli-2013.pdf
debug: Skip PDF file - not text.

Film-must-haves-2013-09-07.pdf
debug: Skip PDF file - not text.

Film-oensker-2013-08-01.pdf
debug: Skip PDF file - not text.

Film-oensker-2013-09-07.pdf
debug: Skip PDF file - not text.

Film-oensker-2014-07-31.pdf
debug: Skip PDF file - not text.

Film-oensker-2014-08-06.pdf
debug: Skip PDF file - not text.

Film-oensker-juli-2013.pdf
debug: Skip PDF file - not text.

Film-samling-2013-08-01.pdf
debug: Skip PDF file - not text.

Film-samling-2013-09-07.pdf
debug: Skip PDF file - not text.

Film-samling-2014-07-31.pdf
debug: Skip PDF file - not text.

Film-samling-2014-08-06.pdf
debug: Skip PDF file - not text.

Film-samling-juli-2013.pdf
debug: Skip PDF file - not text.

index.html
debug: CP=utf-8

where-am-i.js
debug: CP=???
debug: This is NOT html. Proceeding with care.
debug: CP=ASCII

[/home/lsb/Development/Web.git/lassesb/pdf/_History]

DIR-FOER-REVISION-1-[31-01-2014].TXT
debug: CP=???
debug: This is NOT html. Proceeding with care.
debug: CP=ASCII

DIR-FOER-REVISION-13-[17-03-2014].TXT
debug: CP=???
debug: This is NOT html. Proceeding with care.
debug: CP=utf-8

DIR-FOER-REVISION-30-[21-03-2014].TXT
debug: CP=???
debug: This is NOT html. Proceeding with care.
debug: CP=utf-8

DIR-FOER-REVISION-42-[23-03-2014].TXT
debug: CP=???
debug: This is NOT html. Proceeding with care.
debug: CP=utf-8

DIR-FOER-REVISION-4-[31-01-2014].TXT
debug: CP=???
debug: This is NOT html. Proceeding with care.
debug: CP=utf-8

[/home/lsb/Development/Web.git/lassesb/pix]

Demo.gif
debug: Skip picture file - not text.

index.html
debug: CP=utf-8

TehMe_mini.jpg
debug: Skip picture file - not text.

TehMe_mini_squared.jpg
debug: Skip picture file - not text.

where-am-i.js
debug: CP=???
debug: This is NOT html. Proceeding with care.
debug: CP=ASCII

[/home/lsb/Development/Web.git/lassesb/pix/common]

ArrowRight.gif
debug: Skip picture file - not text.

host-ed-logo.gif
debug: Skip picture file - not text.

host-ed-logo-smaller.gif
debug: Skip picture file - not text.

index.html
debug: CP=utf-8

jcxz100.gif
debug: Skip picture file - not text.

lassesb.png
debug: Skip picture file - not text.

printer.gif
debug: Skip picture file - not text.

where-am-i.js
debug: CP=???
debug: This is NOT html. Proceeding with care.
debug: CP=ASCII

[/home/lsb/Development/Web.git/lassesb/pix/common/_History]

DIR-FOER-REVISION-30-[21-03-2014].TXT
debug: CP=???
debug: This is NOT html. Proceeding with care.
debug: CP=utf-8

DIR-FOER-REVISION-42-[23-03-2014].TXT
debug: CP=???
debug: This is NOT html. Proceeding with care.
debug: CP=utf-8

[/home/lsb/Development/Web.git/lassesb/pix/dots]

dot000.png
debug: Skip picture file - not text.

dot00F.png
debug: Skip picture file - not text.

index.html
debug: CP=utf-8

where-am-i.js
debug: CP=???
debug: This is NOT html. Proceeding with care.
debug: CP=ASCII

[/home/lsb/Development/Web.git/lassesb/pix/dots/_History]

DIR-FOER-REVISION-30-[21-03-2014].TXT
debug: CP=???
debug: This is NOT html. Proceeding with care.
debug: CP=utf-8

DIR-FOER-REVISION-42-[23-03-2014].TXT
debug: CP=???
debug: This is NOT html. Proceeding with care.
debug: CP=utf-8

[/home/lsb/Development/Web.git/lassesb/pix/_History]

DIR-FOER-REVISION-30-[21-03-2014].TXT
debug: CP=???
debug: This is NOT html. Proceeding with care.
debug: CP=utf-8

DIR-FOER-REVISION-42-[23-03-2014].TXT
debug: CP=???
debug: This is NOT html. Proceeding with care.
debug: CP=utf-8

[/home/lsb/Development/Web.git/lassesb/pix/media-types]

audio_32x32.gif
debug: Skip picture file - not text.

audio.gif
debug: Skip picture file - not text.

html.png
debug: Skip picture file - not text.

index.html
debug: CP=utf-8

pdf.gif
debug: Skip picture file - not text.

txt.gif
debug: Skip picture file - not text.

where-am-i.js
debug: CP=???
debug: This is NOT html. Proceeding with care.
debug: CP=ASCII

youtube.gif
debug: Skip picture file - not text.

[/home/lsb/Development/Web.git/lassesb/pix/media-types/_History]

DIR-FOER-REVISION-30-[21-03-2014].TXT
debug: CP=???
debug: This is NOT html. Proceeding with care.
debug: CP=utf-8

DIR-FOER-REVISION-42-[23-03-2014].TXT
debug: CP=???
debug: This is NOT html. Proceeding with care.
debug: CP=utf-8

[/home/lsb/Development/Web.git/lassesb/pix/player]

anim16.gif
debug: Skip picture file - not text.

index.html
debug: CP=utf-8

play16.gif
debug: Skip picture file - not text.

play16-grayed.png
debug: Skip picture file - not text.

play16-invert.png
debug: Skip picture file - not text.

play16.png
debug: Skip picture file - not text.

stop16-invert.png
debug: Skip picture file - not text.

stop16.png
debug: Skip picture file - not text.

where-am-i.js
debug: CP=???
debug: This is NOT html. Proceeding with care.
debug: CP=ASCII

[/home/lsb/Development/Web.git/lassesb/pix/player/_History]

DIR-FOER-REVISION-30-[21-03-2014].TXT
debug: CP=???
debug: This is NOT html. Proceeding with care.
debug: CP=utf-8

DIR-FOER-REVISION-42-[23-03-2014].TXT
debug: CP=???
debug: This is NOT html. Proceeding with care.
debug: CP=utf-8

[/home/lsb/Development/Web.git/lassesb/Spil]

index.html
debug: CP=utf-8

where-am-i.js
debug: CP=???
debug: This is NOT html. Proceeding with care.
debug: CP=ASCII

[/home/lsb/Development/Web.git/lassesb/Spil/_History]

DIR-FOER-REVISION-1-[31-01-2014].TXT
debug: CP=???
debug: This is NOT html. Proceeding with care.
debug: CP=ASCII

DIR-FOER-REVISION-13-[17-03-2014].TXT
debug: CP=???
debug: This is NOT html. Proceeding with care.
debug: CP=utf-8

DIR-FOER-REVISION-30-[21-03-2014].TXT
debug: CP=???
debug: This is NOT html. Proceeding with care.
debug: CP=utf-8

DIR-FOER-REVISION-42-[23-03-2014].TXT
debug: CP=???
debug: This is NOT html. Proceeding with care.
debug: CP=utf-8

DIR-FOER-REVISION-4-[31-01-2014].TXT
debug: CP=???
debug: This is NOT html. Proceeding with care.
debug: CP=utf-8

[/home/lsb/Development/Web.git/lassesb/Spil/Pet-Dragons-2]

Balanced-Build.html
debug: CP=utf-8

bannersm.png
debug: Skip picture file - not text.

DarWe-favicon.png
debug: Skip picture file - not text.

drarwe_onethird_onbluesky_illum_2_WDoV.jpg
debug: Skip picture file - not text.

index.html
debug: CP=utf-8

_lasse-stats.txt
debug: CP=???
debug: This is NOT html. Proceeding with care.
debug: CP=ASCII

_levi-stats.txt
debug: CP=???
debug: This is NOT html. Proceeding with care.
debug: CP=ASCII

PotionsBroken.html
debug: CP=utf-8

Potions.html
debug: CP=utf-8

PotionsTest.html
debug: CP=utf-8

PsyDuck.png
debug: Skip picture file - not text.

where-am-i.js
debug: CP=???
debug: This is NOT html. Proceeding with care.
debug: CP=ASCII

[/home/lsb/Development/Web.git/lassesb/Spil/Pet-Dragons-2/DarWe$2-Pictures-for-Lucky-Tournament]

1;-killer.jpg
debug: Skip picture file - not text.

2;-warranty-void-(edit).png
debug: Skip picture file - not text.

2;-warranty-void.jpg
debug: Skip picture file - not text.

3;-parity-error-(edit).png
debug: Skip picture file - not text.

3;-parity-error-(edit)-wrong.png
debug: Skip picture file - not text.

3;-parity-error.jpg
debug: Skip picture file - not text.

3;-parity-error-(test).png
debug: Skip picture file - not text.

581476_10151113929817545_2026429929_n.jpg
debug: Skip picture file - not text.

DarWe-thumb-50x50.png
debug: Skip picture file - not text.

DarWe-trainee-thumb-50x50.jpg
debug: Skip picture file - not text.

index.html
debug: CP=utf-8

where-am-i.js
debug: CP=???
debug: This is NOT html. Proceeding with care.
debug: CP=ASCII

[/home/lsb/Development/Web.git/lassesb/Spil/Pet-Dragons-2/DarWe$2-Pictures-for-Lucky-Tournament/_History]

DIR-FOER-REVISION-1-[31-01-2014].TXT
debug: CP=???
debug: This is NOT html. Proceeding with care.
debug: CP=ASCII

DIR-FOER-REVISION-42-[23-03-2014].TXT
debug: CP=???
debug: This is NOT html. Proceeding with care.
debug: CP=utf-8

DIR-FOER-REVISION-4-[31-01-2014].TXT
debug: CP=???
debug: This is NOT html. Proceeding with care.
debug: CP=utf-8

[/home/lsb/Development/Web.git/lassesb/Spil/Pet-Dragons-2/_History]

DIR-FOER-REVISION-1-[31-01-2014].TXT
debug: CP=???
debug: This is NOT html. Proceeding with care.
debug: CP=ASCII

DIR-FOER-REVISION-13-[17-03-2014].TXT
debug: CP=???
debug: This is NOT html. Proceeding with care.
debug: CP=utf-8

DIR-FOER-REVISION-30-[21-03-2014].TXT
debug: CP=???
debug: This is NOT html. Proceeding with care.
debug: CP=utf-8

DIR-FOER-REVISION-42-[23-03-2014].TXT
debug: CP=???
debug: This is NOT html. Proceeding with care.
debug: CP=utf-8

DIR-FOER-REVISION-4-[31-01-2014].TXT
debug: CP=???
debug: This is NOT html. Proceeding with care.
debug: CP=utf-8

[/home/lsb/Development/Web.git/lassesb/Spil/Pet-Dragons-2/WDoV-Watermark-Parade]

DragonHead.png
debug: Skip picture file - not text.

dragonprofileclanimage2.jpg
debug: Skip picture file - not text.

dragonprofileclanimage.jpg
debug: Skip picture file - not text.

dragonprofileclanimagew.jpg
debug: Skip picture file - not text.

green2a_w_head.png
debug: Skip picture file - not text.

green2_head_raw.png
debug: Skip picture file - not text.

green2.png
debug: Skip picture file - not text.

green2_raw.png
debug: Skip picture file - not text.

green2_w_head.png
debug: Skip picture file - not text.

index.html
debug: CP=utf-8

OrangeWings_Alf.png
debug: Skip picture file - not text.

wdovblue_mask2.psp
debug: Skip picture file - not text.

wdovblue_mask.psp
debug: Skip picture file - not text.

wdovblue(old).png
debug: Skip picture file - not text.

wdovblue.png
debug: Skip picture file - not text.

wdovbrightwings.jpg
debug: Skip picture file - not text.

wdovbrightwings_orange.png
debug: Skip picture file - not text.

wdovbrightwings.png
debug: Skip picture file - not text.

wdovorange_mask2.psp
debug: Skip picture file - not text.

wdovorange_mask.psp
debug: Skip picture file - not text.

wdovorange.png
debug: Skip picture file - not text.

wdovorange_raw.png
debug: Skip picture file - not text.

where-am-i.js
debug: CP=???
debug: This is NOT html. Proceeding with care.
debug: CP=ASCII

wingeddragonsofvatchest.jpg
debug: Skip picture file - not text.

[/home/lsb/Development/Web.git/lassesb/Spil/Pet-Dragons-2/WDoV-Watermark-Parade/_History]

DIR-FOER-REVISION-1-[31-01-2014].TXT
debug: CP=???
debug: This is NOT html. Proceeding with care.
debug: CP=ASCII

DIR-FOER-REVISION-13-[17-03-2014].TXT
debug: CP=???
debug: This is NOT html. Proceeding with care.
debug: CP=utf-8

DIR-FOER-REVISION-30-[21-03-2014].TXT
debug: CP=???
debug: This is NOT html. Proceeding with care.
debug: CP=utf-8

DIR-FOER-REVISION-42-[23-03-2014].TXT
debug: CP=???
debug: This is NOT html. Proceeding with care.
debug: CP=utf-8

DIR-FOER-REVISION-4-[31-01-2014].TXT
debug: CP=???
debug: This is NOT html. Proceeding with care.
debug: CP=utf-8

iFoundFiles_html=89
iFoundFiles_text=320
iFoundFiles_nono=
iFoundFiles_what=2
iConverted_encodings=
iConverted_lineendings=
